<?xml version="1.0" encoding="UTF-8"?>
<!-- Generated by org.testng.reporters.JUnitReportReporter -->
<testsuite skipped="0" hostname="user-PC" name="mavenproect1.TestActitimeLoginMaven" tests="1" failures="0" timestamp="10 Jun 2020 15:24:03 GMT" time="37.835" errors="0">
  <testcase name="login1" time="37.835" classname="mavenproect1.TestActitimeLoginMaven"/>
</testsuite> <!-- mavenproect1.TestActitimeLoginMaven -->
